{
  "stats": {
    "suites": 9,
    "tests": 9,
    "passes": 9,
    "pending": 0,
    "failures": 0,
    "start": "2022-11-28T18:46:28.797Z",
    "end": "2022-11-28T18:46:29.162Z",
    "duration": 365,
    "testsRegistered": 9,
    "passPercent": 100,
    "pendingPercent": 0,
    "other": 0,
    "hasOther": false,
    "skipped": 0,
    "hasSkipped": false
  },
  "results": [
    {
      "uuid": "9c316d14-0968-40b0-8b06-5e3f54011b4d",
      "title": "",
      "fullFile": "",
      "file": "",
      "beforeHooks": [],
      "afterHooks": [
        {
          "title": "\"after all\" hook in \"{root}\"",
          "fullTitle": "\"after all\" hook in \"{root}\"",
          "timedOut": false,
          "duration": 0,
          "state": null,
          "speed": null,
          "pass": false,
          "fail": false,
          "pending": false,
          "context": null,
          "code": "done();",
          "err": {},
          "uuid": "1f1d864e-ea0e-4a6a-ae7d-3a43d5c8c072",
          "parentUUID": "9c316d14-0968-40b0-8b06-5e3f54011b4d",
          "isHook": true,
          "skipped": false
        }
      ],
      "tests": [],
      "suites": [
        {
          "uuid": "73669246-7c2a-456f-99f5-73e07eacd1d4",
          "title": "POST /api/mekanlar",
          "fullFile": "C:\\Users\\bgurs\\OneDrive\\Masaüstü\\mekanbul\\test.js",
          "file": "\\test.js",
          "beforeHooks": [],
          "afterHooks": [],
          "tests": [
            {
              "title": "Yeni mekan ekle:",
              "fullTitle": "POST /api/mekanlar Yeni mekan ekle:",
              "timedOut": false,
              "duration": 136,
              "state": "passed",
              "speed": "slow",
              "pass": true,
              "fail": false,
              "pending": false,
              "context": null,
              "code": "const response = await request.post(\"/api/mekanlar\").send({\n  ad: \"Starbucks\",\n  adres: \"Centrum Garden\",\n  puan: 5,\n  imkanlar: \"çay,kahve,pasta\",\n  enlem: 37.83226584629666,\n  boylam: 30.524732239878013,\n  gunler1: \"Pazartesi-Cuma\",\n  acilis1: \"9:00\",\n  kapanis1: \"23:00\",\n  kapali1: false,\n  gunler2: \"Cumartesi-Pazar\",\n  acilis2: \"11:00\",\n  kapanis2: \"17:00\",\n  kapali2: false,\n});\nexpect(response.status).to.eql(201);\nprocess.env.mekanid = response.body._id;",
              "err": {},
              "uuid": "11d24a6d-c239-4131-b84e-98ea9aa9cdfe",
              "parentUUID": "73669246-7c2a-456f-99f5-73e07eacd1d4",
              "isHook": false,
              "skipped": false
            }
          ],
          "suites": [],
          "passes": [
            "11d24a6d-c239-4131-b84e-98ea9aa9cdfe"
          ],
          "failures": [],
          "pending": [],
          "skipped": [],
          "duration": 136,
          "root": false,
          "rootEmpty": false,
          "_timeout": 10000
        },
        {
          "uuid": "b8d7a778-96aa-4b22-9eff-26448bab2182",
          "title": "GET /api/mekanlar",
          "fullFile": "C:\\Users\\bgurs\\OneDrive\\Masaüstü\\mekanbul\\test.js",
          "file": "\\test.js",
          "beforeHooks": [],
          "afterHooks": [],
          "tests": [
            {
              "title": "Girilen konum civarındaki tüm mekanları listele:",
              "fullTitle": "GET /api/mekanlar Girilen konum civarındaki tüm mekanları listele:",
              "timedOut": false,
              "duration": 35,
              "state": "passed",
              "speed": "fast",
              "pass": true,
              "fail": false,
              "pending": false,
              "context": null,
              "code": "const response = await request.get(\"/api/mekanlar?enlem=37&boylam=35\");\nexpect(response.status).to.eql(200);",
              "err": {},
              "uuid": "68129228-0611-4448-ae4b-4060a3d1d1e3",
              "parentUUID": "b8d7a778-96aa-4b22-9eff-26448bab2182",
              "isHook": false,
              "skipped": false
            }
          ],
          "suites": [],
          "passes": [
            "68129228-0611-4448-ae4b-4060a3d1d1e3"
          ],
          "failures": [],
          "pending": [],
          "skipped": [],
          "duration": 35,
          "root": false,
          "rootEmpty": false,
          "_timeout": 10000
        },
        {
          "uuid": "ca60ced1-6ce5-40bc-8d88-7761a235b4c5",
          "title": "GET /api/mekanlar/:mekanid",
          "fullFile": "C:\\Users\\bgurs\\OneDrive\\Masaüstü\\mekanbul\\test.js",
          "file": "\\test.js",
          "beforeHooks": [],
          "afterHooks": [],
          "tests": [
            {
              "title": "Mekan getir:",
              "fullTitle": "GET /api/mekanlar/:mekanid Mekan getir:",
              "timedOut": false,
              "duration": 31,
              "state": "passed",
              "speed": "fast",
              "pass": true,
              "fail": false,
              "pending": false,
              "context": null,
              "code": "const response = await request.get(`/api/mekanlar/${process.env.mekanid}`);\nexpect(response.status).to.eql(200);",
              "err": {},
              "uuid": "c84e2849-193d-46e5-b410-8fe94257a74c",
              "parentUUID": "ca60ced1-6ce5-40bc-8d88-7761a235b4c5",
              "isHook": false,
              "skipped": false
            }
          ],
          "suites": [],
          "passes": [
            "c84e2849-193d-46e5-b410-8fe94257a74c"
          ],
          "failures": [],
          "pending": [],
          "skipped": [],
          "duration": 31,
          "root": false,
          "rootEmpty": false,
          "_timeout": 10000
        },
        {
          "uuid": "8b35a9df-3c4d-45de-9cb1-4514f3db93f2",
          "title": "PUT /api/mekanlar/:mekanid",
          "fullFile": "C:\\Users\\bgurs\\OneDrive\\Masaüstü\\mekanbul\\test.js",
          "file": "\\test.js",
          "beforeHooks": [],
          "afterHooks": [],
          "tests": [
            {
              "title": "Mekan Güncelle:",
              "fullTitle": "PUT /api/mekanlar/:mekanid Mekan Güncelle:",
              "timedOut": false,
              "duration": 37,
              "state": "passed",
              "speed": "fast",
              "pass": true,
              "fail": false,
              "pending": false,
              "context": null,
              "code": "const response = await request\n  .put(`/api/mekanlar/${process.env.mekanid}`)\n  .send({\n    ad: \"Starbucks SDÜ\",\n    adres: \"SDÜ Doğu Kampüsü\",\n    puan: 3,\n    imkanlar: \"çay,kahve,pasta,refresher\",\n    enlem: 37.8,\n    boylam: 30.5,\n    gunler1: \"Pazartesi-Cuma\",\n    acilis1: \"9:10\",\n    kapanis1: \"23:10\",\n    kapali1: true,\n    gunler2: \"Cumartesi-Pazar\",\n    acilis2: \"11:10\",\n    kapanis2: \"17:10\",\n    kapali2: true,\n  });\nexpect(response.status).to.eql(200);",
              "err": {},
              "uuid": "efe636c2-c523-4474-a659-342e63d0709d",
              "parentUUID": "8b35a9df-3c4d-45de-9cb1-4514f3db93f2",
              "isHook": false,
              "skipped": false
            }
          ],
          "suites": [],
          "passes": [
            "efe636c2-c523-4474-a659-342e63d0709d"
          ],
          "failures": [],
          "pending": [],
          "skipped": [],
          "duration": 37,
          "root": false,
          "rootEmpty": false,
          "_timeout": 10000
        },
        {
          "uuid": "15308f13-2b12-44a1-be45-ca8c62091ae8",
          "title": "POST /api/mekanlar/:mekanid/yorumlar",
          "fullFile": "C:\\Users\\bgurs\\OneDrive\\Masaüstü\\mekanbul\\test.js",
          "file": "\\test.js",
          "beforeHooks": [],
          "afterHooks": [],
          "tests": [
            {
              "title": "Yorum ekle:",
              "fullTitle": "POST /api/mekanlar/:mekanid/yorumlar Yorum ekle:",
              "timedOut": false,
              "duration": 19,
              "state": "passed",
              "speed": "fast",
              "pass": true,
              "fail": false,
              "pending": false,
              "context": null,
              "code": "const response = await request\n  .post(`/api/mekanlar/${process.env.mekanid}/yorumlar`)\n  .send({\n    yorumYapan: \"ASY\",\n    puan: 5,\n    yorumMetni: \"Kahveler harika\",\n  });\nprocess.env.yorumid = response.body._id;\nexpect(response.status).to.eql(201);",
              "err": {},
              "uuid": "f4b21e41-cd90-4620-ac99-ab586474c3cd",
              "parentUUID": "15308f13-2b12-44a1-be45-ca8c62091ae8",
              "isHook": false,
              "skipped": false
            }
          ],
          "suites": [],
          "passes": [
            "f4b21e41-cd90-4620-ac99-ab586474c3cd"
          ],
          "failures": [],
          "pending": [],
          "skipped": [],
          "duration": 19,
          "root": false,
          "rootEmpty": false,
          "_timeout": 10000
        },
        {
          "uuid": "fdc0cab8-bec9-43ce-90d7-ab014f3cffba",
          "title": "GET /api/mekanlar/:mekanid/yorumlar/:yorumid",
          "fullFile": "C:\\Users\\bgurs\\OneDrive\\Masaüstü\\mekanbul\\test.js",
          "file": "\\test.js",
          "beforeHooks": [],
          "afterHooks": [],
          "tests": [
            {
              "title": "Yorum getir:",
              "fullTitle": "GET /api/mekanlar/:mekanid/yorumlar/:yorumid Yorum getir:",
              "timedOut": false,
              "duration": 20,
              "state": "passed",
              "speed": "fast",
              "pass": true,
              "fail": false,
              "pending": false,
              "context": null,
              "code": "const response = await request.get(\n  `/api/mekanlar/${process.env.mekanid}/yorumlar/${process.env.yorumid}`\n);\nexpect(response.status).to.eql(200);",
              "err": {},
              "uuid": "0baf081c-6efc-4a0b-bea8-a3ff35ae5dcc",
              "parentUUID": "fdc0cab8-bec9-43ce-90d7-ab014f3cffba",
              "isHook": false,
              "skipped": false
            }
          ],
          "suites": [],
          "passes": [
            "0baf081c-6efc-4a0b-bea8-a3ff35ae5dcc"
          ],
          "failures": [],
          "pending": [],
          "skipped": [],
          "duration": 20,
          "root": false,
          "rootEmpty": false,
          "_timeout": 10000
        },
        {
          "uuid": "3816192d-4ae2-4bdf-ad80-677d169ec73c",
          "title": "PUT /api/mekanlar/:mekanid/yorumlar/:yorumid",
          "fullFile": "C:\\Users\\bgurs\\OneDrive\\Masaüstü\\mekanbul\\test.js",
          "file": "\\test.js",
          "beforeHooks": [],
          "afterHooks": [],
          "tests": [
            {
              "title": "Yorum güncelle:",
              "fullTitle": "PUT /api/mekanlar/:mekanid/yorumlar/:yorumid Yorum güncelle:",
              "timedOut": false,
              "duration": 19,
              "state": "passed",
              "speed": "fast",
              "pass": true,
              "fail": false,
              "pending": false,
              "context": null,
              "code": "const response = await request\n  .put(\n    `/api/mekanlar/${process.env.mekanid}/yorumlar/${process.env.yorumid}`\n  )\n  .send({\n    yorumYapan: \"Sinan\",\n    puan: 4,\n    yorumMetni: \"Kahveler harikaaaa\",\n  });\nexpect(response.status).to.eql(200);",
              "err": {},
              "uuid": "271ec898-20fb-4421-955a-0cf1324a9a1f",
              "parentUUID": "3816192d-4ae2-4bdf-ad80-677d169ec73c",
              "isHook": false,
              "skipped": false
            }
          ],
          "suites": [],
          "passes": [
            "271ec898-20fb-4421-955a-0cf1324a9a1f"
          ],
          "failures": [],
          "pending": [],
          "skipped": [],
          "duration": 19,
          "root": false,
          "rootEmpty": false,
          "_timeout": 10000
        },
        {
          "uuid": "13382637-e755-461f-a707-1d96f67761e6",
          "title": "DELETE /api/mekanlar/:mekanid/yorumlar/:yorumid",
          "fullFile": "C:\\Users\\bgurs\\OneDrive\\Masaüstü\\mekanbul\\test.js",
          "file": "\\test.js",
          "beforeHooks": [],
          "afterHooks": [],
          "tests": [
            {
              "title": "Yorum sil:",
              "fullTitle": "DELETE /api/mekanlar/:mekanid/yorumlar/:yorumid Yorum sil:",
              "timedOut": false,
              "duration": 16,
              "state": "passed",
              "speed": "fast",
              "pass": true,
              "fail": false,
              "pending": false,
              "context": null,
              "code": "const response = await request.delete(\n  `/api/mekanlar/${process.env.mekanid}/yorumlar/${process.env.yorumid}`\n);\nexpect(response.status).to.eql(200);",
              "err": {},
              "uuid": "7b118976-7255-46ef-abc9-b21374d5283a",
              "parentUUID": "13382637-e755-461f-a707-1d96f67761e6",
              "isHook": false,
              "skipped": false
            }
          ],
          "suites": [],
          "passes": [
            "7b118976-7255-46ef-abc9-b21374d5283a"
          ],
          "failures": [],
          "pending": [],
          "skipped": [],
          "duration": 16,
          "root": false,
          "rootEmpty": false,
          "_timeout": 10000
        },
        {
          "uuid": "ed69de4b-f3dc-4761-a1bd-9b17f5c0dd7d",
          "title": "DELETE /api/mekanlar/:mekanid",
          "fullFile": "C:\\Users\\bgurs\\OneDrive\\Masaüstü\\mekanbul\\test.js",
          "file": "\\test.js",
          "beforeHooks": [],
          "afterHooks": [],
          "tests": [
            {
              "title": "Mekan sil:",
              "fullTitle": "DELETE /api/mekanlar/:mekanid Mekan sil:",
              "timedOut": false,
              "duration": 14,
              "state": "passed",
              "speed": "fast",
              "pass": true,
              "fail": false,
              "pending": false,
              "context": null,
              "code": "const response = await request.delete(\n  `/api/mekanlar/${process.env.mekanid}`\n);\nexpect(response.status).to.eql(200);",
              "err": {},
              "uuid": "26c40de3-7f43-492b-8e83-6dda8458ba7f",
              "parentUUID": "ed69de4b-f3dc-4761-a1bd-9b17f5c0dd7d",
              "isHook": false,
              "skipped": false
            }
          ],
          "suites": [],
          "passes": [
            "26c40de3-7f43-492b-8e83-6dda8458ba7f"
          ],
          "failures": [],
          "pending": [],
          "skipped": [],
          "duration": 14,
          "root": false,
          "rootEmpty": false,
          "_timeout": 10000
        }
      ],
      "passes": [],
      "failures": [],
      "pending": [],
      "skipped": [],
      "duration": 0,
      "root": true,
      "rootEmpty": true,
      "_timeout": 10000
    }
  ],
  "meta": {
    "mocha": {
      "version": "10.1.0"
    },
    "mochawesome": {
      "options": {
        "quiet": false,
        "reportFilename": "mochawesome",
        "saveHtml": true,
        "saveJson": true,
        "consoleReporter": "spec",
        "useInlineDiffs": false,
        "code": true
      },
      "version": "7.1.3"
    },
    "marge": {
      "options": null,
      "version": "6.2.0"
    }
  }
}